<?xml version="1.0" encoding="UTF-8"?>
<!-- Generated by org.testng.reporters.JUnitXMLReporter -->
<testsuite hostname="DELL" ignored="0" name="Default test" tests="7" failures="0" timestamp="2023-03-16T13:38:48 IST" time="70.994" errors="0">
  <testcase name="Login" time="7.834" classname="testScprits.ExecutionFile"/>
  <testcase name="additem" time="10.0" classname="testScprits.ExecutionFile"/>
  <testcase name="additem" time="6.722" classname="testScprits.ExecutionFile"/>
  <testcase name="additem" time="7.829" classname="testScprits.ExecutionFile"/>
  <testcase name="additem" time="13.822" classname="testScprits.ExecutionFile"/>
  <testcase name="delete" time="1.155" classname="testScprits.ExecutionFile"/>
  <testcase name="placeorder" time="9.125" classname="testScprits.ExecutionFile"/>
</testsuite> <!-- Default test -->
