<?xml version="1.0" encoding="UTF-8"?>
<testng-results skipped="0" failed="0" ignored="0" total="7" passed="7">
  <reporter-output>
  </reporter-output>
  <suite name="Default suite" duration-ms="70994" started-at="2023-03-16T13:37:37 IST" finished-at="2023-03-16T13:38:48 IST">
    <groups>
    </groups>
    <test name="Default test" duration-ms="70994" started-at="2023-03-16T13:37:37 IST" finished-at="2023-03-16T13:38:48 IST">
      <class name="testScprits.ExecutionFile">
        <test-method status="PASS" signature="startup()[pri:0, instance:testScprits.ExecutionFile@401e7803]" name="startup" is-config="true" duration-ms="14451" started-at="2023-03-16T13:37:37 IST" finished-at="2023-03-16T13:37:52 IST">
          <reporter-output>
          </reporter-output>
        </test-method> <!-- startup -->
        <test-method status="PASS" signature="Login()[pri:1, instance:testScprits.ExecutionFile@401e7803]" name="Login" duration-ms="7834" started-at="2023-03-16T13:37:52 IST" finished-at="2023-03-16T13:38:00 IST">
          <reporter-output>
          </reporter-output>
        </test-method> <!-- Login -->
        <test-method status="PASS" signature="additem(java.lang.String)[pri:2, instance:testScprits.ExecutionFile@401e7803]" name="additem" duration-ms="10000" started-at="2023-03-16T13:38:00 IST" data-provider="data" finished-at="2023-03-16T13:38:10 IST">
          <params>
            <param index="0">
              <value>
                <![CDATA[Nokia lumia 1520]]>
              </value>
            </param>
          </params>
          <reporter-output>
          </reporter-output>
        </test-method> <!-- additem -->
        <test-method status="PASS" signature="additem(java.lang.String)[pri:2, instance:testScprits.ExecutionFile@401e7803]" name="additem" duration-ms="6722" started-at="2023-03-16T13:38:10 IST" data-provider="data" finished-at="2023-03-16T13:38:16 IST">
          <params>
            <param index="0">
              <value>
                <![CDATA[Samsung galaxy s7]]>
              </value>
            </param>
          </params>
          <reporter-output>
          </reporter-output>
        </test-method> <!-- additem -->
        <test-method status="PASS" signature="additem(java.lang.String)[pri:2, instance:testScprits.ExecutionFile@401e7803]" name="additem" duration-ms="7829" started-at="2023-03-16T13:38:16 IST" data-provider="data" finished-at="2023-03-16T13:38:24 IST">
          <params>
            <param index="0">
              <value>
                <![CDATA[Iphone 6 32gb]]>
              </value>
            </param>
          </params>
          <reporter-output>
          </reporter-output>
        </test-method> <!-- additem -->
        <test-method status="PASS" signature="additem(java.lang.String)[pri:2, instance:testScprits.ExecutionFile@401e7803]" name="additem" duration-ms="13822" started-at="2023-03-16T13:38:24 IST" data-provider="data" finished-at="2023-03-16T13:38:38 IST">
          <params>
            <param index="0">
              <value>
                <![CDATA[Sony vaio i7]]>
              </value>
            </param>
          </params>
          <reporter-output>
          </reporter-output>
        </test-method> <!-- additem -->
        <test-method status="PASS" signature="delete()[pri:3, instance:testScprits.ExecutionFile@401e7803]" name="delete" duration-ms="1155" started-at="2023-03-16T13:38:38 IST" finished-at="2023-03-16T13:38:39 IST">
          <reporter-output>
          </reporter-output>
        </test-method> <!-- delete -->
        <test-method status="PASS" signature="placeorder()[pri:4, instance:testScprits.ExecutionFile@401e7803]" name="placeorder" duration-ms="9125" started-at="2023-03-16T13:38:39 IST" finished-at="2023-03-16T13:38:48 IST">
          <reporter-output>
          </reporter-output>
        </test-method> <!-- placeorder -->
      </class> <!-- testScprits.ExecutionFile -->
    </test> <!-- Default test -->
  </suite> <!-- Default suite -->
</testng-results>
