<?xml version="1.0" encoding="UTF-8"?>
<testng-results skipped="0" failed="0" ignored="0" total="7" passed="7">
  <reporter-output>
  </reporter-output>
  <suite name="Default suite" duration-ms="46209" started-at="2023-03-16T13:45:14 IST" finished-at="2023-03-16T13:46:01 IST">
    <groups>
    </groups>
    <test name="Default test" duration-ms="46209" started-at="2023-03-16T13:45:14 IST" finished-at="2023-03-16T13:46:01 IST">
      <class name="testScprits.ExecutionFile">
        <test-method status="PASS" signature="startup()[pri:0, instance:testScprits.ExecutionFile@401e7803]" name="startup" is-config="true" duration-ms="7623" started-at="2023-03-16T13:45:14 IST" finished-at="2023-03-16T13:45:22 IST">
          <reporter-output>
          </reporter-output>
        </test-method> <!-- startup -->
        <test-method status="PASS" signature="Login()[pri:1, instance:testScprits.ExecutionFile@401e7803]" name="Login" duration-ms="2722" started-at="2023-03-16T13:45:22 IST" finished-at="2023-03-16T13:45:25 IST">
          <reporter-output>
          </reporter-output>
        </test-method> <!-- Login -->
        <test-method status="PASS" signature="additem(java.lang.String)[pri:2, instance:testScprits.ExecutionFile@401e7803]" name="additem" duration-ms="5702" started-at="2023-03-16T13:45:25 IST" data-provider="data" finished-at="2023-03-16T13:45:30 IST">
          <params>
            <param index="0">
              <value>
                <![CDATA[Nokia lumia 1520]]>
              </value>
            </param>
          </params>
          <reporter-output>
          </reporter-output>
        </test-method> <!-- additem -->
        <test-method status="PASS" signature="additem(java.lang.String)[pri:2, instance:testScprits.ExecutionFile@401e7803]" name="additem" duration-ms="5967" started-at="2023-03-16T13:45:30 IST" data-provider="data" finished-at="2023-03-16T13:45:36 IST">
          <params>
            <param index="0">
              <value>
                <![CDATA[Samsung galaxy s7]]>
              </value>
            </param>
          </params>
          <reporter-output>
          </reporter-output>
        </test-method> <!-- additem -->
        <test-method status="PASS" signature="additem(java.lang.String)[pri:2, instance:testScprits.ExecutionFile@401e7803]" name="additem" duration-ms="6681" started-at="2023-03-16T13:45:36 IST" data-provider="data" finished-at="2023-03-16T13:45:43 IST">
          <params>
            <param index="0">
              <value>
                <![CDATA[Iphone 6 32gb]]>
              </value>
            </param>
          </params>
          <reporter-output>
          </reporter-output>
        </test-method> <!-- additem -->
        <test-method status="PASS" signature="additem(java.lang.String)[pri:2, instance:testScprits.ExecutionFile@401e7803]" name="additem" duration-ms="8443" started-at="2023-03-16T13:45:43 IST" data-provider="data" finished-at="2023-03-16T13:45:51 IST">
          <params>
            <param index="0">
              <value>
                <![CDATA[Sony vaio i7]]>
              </value>
            </param>
          </params>
          <reporter-output>
          </reporter-output>
        </test-method> <!-- additem -->
        <test-method status="PASS" signature="delete()[pri:3, instance:testScprits.ExecutionFile@401e7803]" name="delete" duration-ms="1154" started-at="2023-03-16T13:45:51 IST" finished-at="2023-03-16T13:45:53 IST">
          <reporter-output>
          </reporter-output>
        </test-method> <!-- delete -->
        <test-method status="PASS" signature="placeorder()[pri:4, instance:testScprits.ExecutionFile@401e7803]" name="placeorder" duration-ms="7871" started-at="2023-03-16T13:45:53 IST" finished-at="2023-03-16T13:46:01 IST">
          <reporter-output>
          </reporter-output>
        </test-method> <!-- placeorder -->
      </class> <!-- testScprits.ExecutionFile -->
    </test> <!-- Default test -->
  </suite> <!-- Default suite -->
</testng-results>
